[2026-03-03 16:34:44,696][main_train.py][line:65][INFO] start training!
[2026-03-03 16:34:56,884][main_train.py][line:69][INFO] Epoch:[0/120]	 loss=625.84351	 acc=25.452
[2026-03-03 16:34:57,584][main_train.py][line:72][INFO] Epoch:[0/120]	 Test acc=35.380

[2026-03-03 16:35:08,500][main_train.py][line:69][INFO] Epoch:[1/120]	 loss=546.27969	 acc=35.974
[2026-03-03 16:35:09,172][main_train.py][line:72][INFO] Epoch:[1/120]	 Test acc=45.480

[2026-03-03 16:35:20,220][main_train.py][line:69][INFO] Epoch:[2/120]	 loss=479.26116	 acc=44.606
[2026-03-03 16:35:20,915][main_train.py][line:72][INFO] Epoch:[2/120]	 Test acc=57.040

[2026-03-03 16:35:31,971][main_train.py][line:69][INFO] Epoch:[3/120]	 loss=435.63191	 acc=50.198
[2026-03-03 16:35:32,639][main_train.py][line:72][INFO] Epoch:[3/120]	 Test acc=58.390

[2026-03-03 16:35:43,744][main_train.py][line:69][INFO] Epoch:[4/120]	 loss=413.06971	 acc=52.912
[2026-03-03 16:35:44,425][main_train.py][line:72][INFO] Epoch:[4/120]	 Test acc=56.410

[2026-03-03 16:35:55,444][main_train.py][line:69][INFO] Epoch:[5/120]	 loss=388.13420	 acc=55.840
[2026-03-03 16:35:56,113][main_train.py][line:72][INFO] Epoch:[5/120]	 Test acc=57.630

[2026-03-03 16:36:06,850][main_train.py][line:69][INFO] Epoch:[6/120]	 loss=367.53323	 acc=58.664
[2026-03-03 16:36:07,497][main_train.py][line:72][INFO] Epoch:[6/120]	 Test acc=64.520

[2026-03-03 16:36:18,235][main_train.py][line:69][INFO] Epoch:[7/120]	 loss=355.30521	 acc=60.018
[2026-03-03 16:36:18,880][main_train.py][line:72][INFO] Epoch:[7/120]	 Test acc=67.620

[2026-03-03 16:36:29,644][main_train.py][line:69][INFO] Epoch:[8/120]	 loss=344.02296	 acc=61.546
[2026-03-03 16:36:30,292][main_train.py][line:72][INFO] Epoch:[8/120]	 Test acc=62.800

[2026-03-03 16:36:40,922][main_train.py][line:69][INFO] Epoch:[9/120]	 loss=340.15114	 acc=61.804
[2026-03-03 16:36:41,594][main_train.py][line:72][INFO] Epoch:[9/120]	 Test acc=67.390

[2026-03-03 16:36:52,615][main_train.py][line:69][INFO] Epoch:[10/120]	 loss=330.45350	 acc=63.226
[2026-03-03 16:36:53,308][main_train.py][line:72][INFO] Epoch:[10/120]	 Test acc=67.790

[2026-03-03 16:37:04,511][main_train.py][line:69][INFO] Epoch:[11/120]	 loss=326.74026	 acc=63.602
[2026-03-03 16:37:05,168][main_train.py][line:72][INFO] Epoch:[11/120]	 Test acc=66.350

[2026-03-03 16:37:16,251][main_train.py][line:69][INFO] Epoch:[12/120]	 loss=322.66767	 acc=63.856
[2026-03-03 16:37:16,938][main_train.py][line:72][INFO] Epoch:[12/120]	 Test acc=69.600

[2026-03-03 16:37:28,381][main_train.py][line:69][INFO] Epoch:[13/120]	 loss=317.72532	 acc=64.604
[2026-03-03 16:37:29,066][main_train.py][line:72][INFO] Epoch:[13/120]	 Test acc=63.400

[2026-03-03 16:37:40,160][main_train.py][line:69][INFO] Epoch:[14/120]	 loss=313.36689	 acc=65.144
[2026-03-03 16:37:40,856][main_train.py][line:72][INFO] Epoch:[14/120]	 Test acc=69.480

[2026-03-03 16:37:52,004][main_train.py][line:69][INFO] Epoch:[15/120]	 loss=312.67639	 acc=65.140
[2026-03-03 16:37:52,680][main_train.py][line:72][INFO] Epoch:[15/120]	 Test acc=73.140

[2026-03-03 16:38:03,930][main_train.py][line:69][INFO] Epoch:[16/120]	 loss=306.94947	 acc=65.708
[2026-03-03 16:38:04,599][main_train.py][line:72][INFO] Epoch:[16/120]	 Test acc=72.320

[2026-03-03 16:38:15,664][main_train.py][line:69][INFO] Epoch:[17/120]	 loss=306.57837	 acc=65.952
[2026-03-03 16:38:16,338][main_train.py][line:72][INFO] Epoch:[17/120]	 Test acc=73.860

[2026-03-03 16:38:27,639][main_train.py][line:69][INFO] Epoch:[18/120]	 loss=303.16242	 acc=66.288
[2026-03-03 16:38:28,306][main_train.py][line:72][INFO] Epoch:[18/120]	 Test acc=76.900

[2026-03-03 16:38:39,471][main_train.py][line:69][INFO] Epoch:[19/120]	 loss=300.17175	 acc=66.658
[2026-03-03 16:38:40,149][main_train.py][line:72][INFO] Epoch:[19/120]	 Test acc=72.940

[2026-03-03 16:38:51,263][main_train.py][line:69][INFO] Epoch:[20/120]	 loss=300.94927	 acc=66.468
[2026-03-03 16:38:51,957][main_train.py][line:72][INFO] Epoch:[20/120]	 Test acc=67.600

[2026-03-03 16:39:02,924][main_train.py][line:69][INFO] Epoch:[21/120]	 loss=293.32277	 acc=67.332
[2026-03-03 16:39:03,589][main_train.py][line:72][INFO] Epoch:[21/120]	 Test acc=69.600

[2026-03-03 16:39:14,275][main_train.py][line:69][INFO] Epoch:[22/120]	 loss=293.54330	 acc=67.548
[2026-03-03 16:39:14,931][main_train.py][line:72][INFO] Epoch:[22/120]	 Test acc=76.930

[2026-03-03 16:39:25,689][main_train.py][line:69][INFO] Epoch:[23/120]	 loss=293.99300	 acc=67.362
[2026-03-03 16:39:26,344][main_train.py][line:72][INFO] Epoch:[23/120]	 Test acc=73.190

[2026-03-03 16:39:37,027][main_train.py][line:69][INFO] Epoch:[24/120]	 loss=291.84137	 acc=67.546
[2026-03-03 16:39:37,697][main_train.py][line:72][INFO] Epoch:[24/120]	 Test acc=66.540

[2026-03-03 16:39:48,666][main_train.py][line:69][INFO] Epoch:[25/120]	 loss=289.77427	 acc=67.676
[2026-03-03 16:39:49,375][main_train.py][line:72][INFO] Epoch:[25/120]	 Test acc=75.540

[2026-03-03 16:40:00,520][main_train.py][line:69][INFO] Epoch:[26/120]	 loss=287.29400	 acc=68.034
[2026-03-03 16:40:01,210][main_train.py][line:72][INFO] Epoch:[26/120]	 Test acc=75.580

[2026-03-03 16:40:12,385][main_train.py][line:69][INFO] Epoch:[27/120]	 loss=287.23061	 acc=68.002
[2026-03-03 16:40:13,071][main_train.py][line:72][INFO] Epoch:[27/120]	 Test acc=71.200

[2026-03-03 16:40:24,230][main_train.py][line:69][INFO] Epoch:[28/120]	 loss=284.78282	 acc=68.272
[2026-03-03 16:40:24,919][main_train.py][line:72][INFO] Epoch:[28/120]	 Test acc=74.900

[2026-03-03 16:40:36,090][main_train.py][line:69][INFO] Epoch:[29/120]	 loss=281.75303	 acc=68.604
[2026-03-03 16:40:36,772][main_train.py][line:72][INFO] Epoch:[29/120]	 Test acc=74.000

[2026-03-03 16:40:47,946][main_train.py][line:69][INFO] Epoch:[30/120]	 loss=283.20753	 acc=68.338
[2026-03-03 16:40:48,632][main_train.py][line:72][INFO] Epoch:[30/120]	 Test acc=70.080

[2026-03-03 16:40:59,801][main_train.py][line:69][INFO] Epoch:[31/120]	 loss=282.30074	 acc=68.520
[2026-03-03 16:41:00,487][main_train.py][line:72][INFO] Epoch:[31/120]	 Test acc=78.590

[2026-03-03 16:41:11,728][main_train.py][line:69][INFO] Epoch:[32/120]	 loss=280.85631	 acc=69.040
[2026-03-03 16:41:12,417][main_train.py][line:72][INFO] Epoch:[32/120]	 Test acc=72.840

[2026-03-03 16:41:23,599][main_train.py][line:69][INFO] Epoch:[33/120]	 loss=279.34397	 acc=69.004
[2026-03-03 16:41:24,283][main_train.py][line:72][INFO] Epoch:[33/120]	 Test acc=77.630

[2026-03-03 16:41:35,475][main_train.py][line:69][INFO] Epoch:[34/120]	 loss=277.62940	 acc=68.992
[2026-03-03 16:41:36,176][main_train.py][line:72][INFO] Epoch:[34/120]	 Test acc=76.290

[2026-03-03 16:41:47,333][main_train.py][line:69][INFO] Epoch:[35/120]	 loss=275.98843	 acc=69.206
[2026-03-03 16:41:48,023][main_train.py][line:72][INFO] Epoch:[35/120]	 Test acc=75.960

[2026-03-03 16:41:59,171][main_train.py][line:69][INFO] Epoch:[36/120]	 loss=275.42424	 acc=69.244
[2026-03-03 16:41:59,830][main_train.py][line:72][INFO] Epoch:[36/120]	 Test acc=78.560

[2026-03-03 16:42:10,460][main_train.py][line:69][INFO] Epoch:[37/120]	 loss=271.56987	 acc=69.798
[2026-03-03 16:42:11,125][main_train.py][line:72][INFO] Epoch:[37/120]	 Test acc=78.970

[2026-03-03 16:42:21,877][main_train.py][line:69][INFO] Epoch:[38/120]	 loss=270.78885	 acc=69.736
[2026-03-03 16:42:22,548][main_train.py][line:72][INFO] Epoch:[38/120]	 Test acc=72.390

[2026-03-03 16:42:33,200][main_train.py][line:69][INFO] Epoch:[39/120]	 loss=272.19753	 acc=69.724
[2026-03-03 16:42:33,868][main_train.py][line:72][INFO] Epoch:[39/120]	 Test acc=77.470

[2026-03-03 16:42:44,569][main_train.py][line:69][INFO] Epoch:[40/120]	 loss=267.03231	 acc=70.238
[2026-03-03 16:42:45,232][main_train.py][line:72][INFO] Epoch:[40/120]	 Test acc=76.100

[2026-03-03 16:42:56,354][main_train.py][line:69][INFO] Epoch:[41/120]	 loss=267.05063	 acc=70.284
[2026-03-03 16:42:57,033][main_train.py][line:72][INFO] Epoch:[41/120]	 Test acc=73.380

[2026-03-03 16:43:08,201][main_train.py][line:69][INFO] Epoch:[42/120]	 loss=267.81361	 acc=70.302
[2026-03-03 16:43:08,885][main_train.py][line:72][INFO] Epoch:[42/120]	 Test acc=74.520

[2026-03-03 16:43:20,034][main_train.py][line:69][INFO] Epoch:[43/120]	 loss=266.79571	 acc=70.182
[2026-03-03 16:43:20,733][main_train.py][line:72][INFO] Epoch:[43/120]	 Test acc=78.740

[2026-03-03 16:43:31,916][main_train.py][line:69][INFO] Epoch:[44/120]	 loss=262.16856	 acc=70.840
[2026-03-03 16:43:32,604][main_train.py][line:72][INFO] Epoch:[44/120]	 Test acc=78.230

[2026-03-03 16:43:43,754][main_train.py][line:69][INFO] Epoch:[45/120]	 loss=263.27756	 acc=70.470
[2026-03-03 16:43:44,422][main_train.py][line:72][INFO] Epoch:[45/120]	 Test acc=80.430

[2026-03-03 16:43:55,695][main_train.py][line:69][INFO] Epoch:[46/120]	 loss=260.88234	 acc=71.104
[2026-03-03 16:43:56,383][main_train.py][line:72][INFO] Epoch:[46/120]	 Test acc=76.870

[2026-03-03 16:44:07,512][main_train.py][line:69][INFO] Epoch:[47/120]	 loss=261.00685	 acc=71.136
[2026-03-03 16:44:08,207][main_train.py][line:72][INFO] Epoch:[47/120]	 Test acc=75.400

[2026-03-03 16:44:19,346][main_train.py][line:69][INFO] Epoch:[48/120]	 loss=256.53761	 acc=71.468
[2026-03-03 16:44:20,038][main_train.py][line:72][INFO] Epoch:[48/120]	 Test acc=70.560

[2026-03-03 16:44:31,158][main_train.py][line:69][INFO] Epoch:[49/120]	 loss=256.89434	 acc=71.344
[2026-03-03 16:44:31,842][main_train.py][line:72][INFO] Epoch:[49/120]	 Test acc=78.850

[2026-03-03 16:44:43,014][main_train.py][line:69][INFO] Epoch:[50/120]	 loss=254.87395	 acc=71.586
[2026-03-03 16:44:43,697][main_train.py][line:72][INFO] Epoch:[50/120]	 Test acc=80.060

[2026-03-03 16:44:54,844][main_train.py][line:69][INFO] Epoch:[51/120]	 loss=254.79693	 acc=71.820
[2026-03-03 16:44:55,533][main_train.py][line:72][INFO] Epoch:[51/120]	 Test acc=73.700

[2026-03-03 16:45:06,404][main_train.py][line:69][INFO] Epoch:[52/120]	 loss=253.12551	 acc=71.854
[2026-03-03 16:45:07,068][main_train.py][line:72][INFO] Epoch:[52/120]	 Test acc=79.280

[2026-03-03 16:45:17,691][main_train.py][line:69][INFO] Epoch:[53/120]	 loss=252.68812	 acc=71.930
[2026-03-03 16:45:18,370][main_train.py][line:72][INFO] Epoch:[53/120]	 Test acc=80.750

[2026-03-03 16:45:29,239][main_train.py][line:69][INFO] Epoch:[54/120]	 loss=250.55499	 acc=72.124
[2026-03-03 16:45:29,906][main_train.py][line:72][INFO] Epoch:[54/120]	 Test acc=73.960

[2026-03-03 16:45:40,612][main_train.py][line:69][INFO] Epoch:[55/120]	 loss=248.03488	 acc=72.232
[2026-03-03 16:45:41,270][main_train.py][line:72][INFO] Epoch:[55/120]	 Test acc=80.010

[2026-03-03 16:45:52,226][main_train.py][line:69][INFO] Epoch:[56/120]	 loss=246.03801	 acc=72.822
[2026-03-03 16:45:52,883][main_train.py][line:72][INFO] Epoch:[56/120]	 Test acc=82.020

[2026-03-03 16:46:04,583][main_train.py][line:69][INFO] Epoch:[57/120]	 loss=247.94023	 acc=72.532
[2026-03-03 16:46:05,294][main_train.py][line:72][INFO] Epoch:[57/120]	 Test acc=79.980

[2026-03-03 16:46:16,428][main_train.py][line:69][INFO] Epoch:[58/120]	 loss=246.67174	 acc=72.530
[2026-03-03 16:46:17,104][main_train.py][line:72][INFO] Epoch:[58/120]	 Test acc=82.040

[2026-03-03 16:46:28,823][main_train.py][line:69][INFO] Epoch:[59/120]	 loss=243.96307	 acc=72.934
[2026-03-03 16:46:29,496][main_train.py][line:72][INFO] Epoch:[59/120]	 Test acc=80.340

[2026-03-03 16:46:40,674][main_train.py][line:69][INFO] Epoch:[60/120]	 loss=243.58394	 acc=72.766
[2026-03-03 16:46:41,349][main_train.py][line:72][INFO] Epoch:[60/120]	 Test acc=81.700

[2026-03-03 16:46:52,478][main_train.py][line:69][INFO] Epoch:[61/120]	 loss=240.33743	 acc=73.122
[2026-03-03 16:46:53,164][main_train.py][line:72][INFO] Epoch:[61/120]	 Test acc=77.720

[2026-03-03 16:47:04,515][main_train.py][line:69][INFO] Epoch:[62/120]	 loss=240.27481	 acc=73.266
[2026-03-03 16:47:05,187][main_train.py][line:72][INFO] Epoch:[62/120]	 Test acc=81.820

[2026-03-03 16:47:16,331][main_train.py][line:69][INFO] Epoch:[63/120]	 loss=240.00817	 acc=73.130
[2026-03-03 16:47:17,002][main_train.py][line:72][INFO] Epoch:[63/120]	 Test acc=82.820

[2026-03-03 16:47:28,715][main_train.py][line:69][INFO] Epoch:[64/120]	 loss=235.57469	 acc=73.860
[2026-03-03 16:47:29,400][main_train.py][line:72][INFO] Epoch:[64/120]	 Test acc=78.760

[2026-03-03 16:47:40,550][main_train.py][line:69][INFO] Epoch:[65/120]	 loss=234.44315	 acc=73.952
[2026-03-03 16:47:41,228][main_train.py][line:72][INFO] Epoch:[65/120]	 Test acc=77.000

[2026-03-03 16:47:52,348][main_train.py][line:69][INFO] Epoch:[66/120]	 loss=230.56499	 acc=74.284
[2026-03-03 16:47:53,031][main_train.py][line:72][INFO] Epoch:[66/120]	 Test acc=83.250

[2026-03-03 16:48:04,171][main_train.py][line:69][INFO] Epoch:[67/120]	 loss=230.43407	 acc=74.532
[2026-03-03 16:48:04,830][main_train.py][line:72][INFO] Epoch:[67/120]	 Test acc=81.940

[2026-03-03 16:48:15,571][main_train.py][line:69][INFO] Epoch:[68/120]	 loss=230.14455	 acc=74.470
[2026-03-03 16:48:16,218][main_train.py][line:72][INFO] Epoch:[68/120]	 Test acc=82.670

[2026-03-03 16:48:26,844][main_train.py][line:69][INFO] Epoch:[69/120]	 loss=227.12963	 acc=74.888
[2026-03-03 16:48:27,519][main_train.py][line:72][INFO] Epoch:[69/120]	 Test acc=83.160

[2026-03-03 16:48:38,232][main_train.py][line:69][INFO] Epoch:[70/120]	 loss=224.89662	 acc=75.138
[2026-03-03 16:48:38,887][main_train.py][line:72][INFO] Epoch:[70/120]	 Test acc=82.180

[2026-03-03 16:48:49,738][main_train.py][line:69][INFO] Epoch:[71/120]	 loss=223.70875	 acc=75.240
[2026-03-03 16:48:50,423][main_train.py][line:72][INFO] Epoch:[71/120]	 Test acc=85.410

[2026-03-03 16:49:01,666][main_train.py][line:69][INFO] Epoch:[72/120]	 loss=224.65539	 acc=75.214
[2026-03-03 16:49:02,348][main_train.py][line:72][INFO] Epoch:[72/120]	 Test acc=84.740

[2026-03-03 16:49:13,460][main_train.py][line:69][INFO] Epoch:[73/120]	 loss=222.40311	 acc=75.382
[2026-03-03 16:49:14,145][main_train.py][line:72][INFO] Epoch:[73/120]	 Test acc=83.240

[2026-03-03 16:49:25,304][main_train.py][line:69][INFO] Epoch:[74/120]	 loss=219.23593	 acc=75.544
[2026-03-03 16:49:25,984][main_train.py][line:72][INFO] Epoch:[74/120]	 Test acc=80.760

[2026-03-03 16:49:37,131][main_train.py][line:69][INFO] Epoch:[75/120]	 loss=216.14295	 acc=75.836
[2026-03-03 16:49:37,809][main_train.py][line:72][INFO] Epoch:[75/120]	 Test acc=83.760

[2026-03-03 16:49:48,979][main_train.py][line:69][INFO] Epoch:[76/120]	 loss=213.33884	 acc=76.124
[2026-03-03 16:49:49,670][main_train.py][line:72][INFO] Epoch:[76/120]	 Test acc=85.560

[2026-03-03 16:50:00,882][main_train.py][line:69][INFO] Epoch:[77/120]	 loss=213.83099	 acc=76.086
[2026-03-03 16:50:01,564][main_train.py][line:72][INFO] Epoch:[77/120]	 Test acc=85.340

[2026-03-03 16:50:12,713][main_train.py][line:69][INFO] Epoch:[78/120]	 loss=212.10835	 acc=76.284
[2026-03-03 16:50:13,384][main_train.py][line:72][INFO] Epoch:[78/120]	 Test acc=83.690

[2026-03-03 16:50:24,551][main_train.py][line:69][INFO] Epoch:[79/120]	 loss=208.97271	 acc=76.694
[2026-03-03 16:50:25,227][main_train.py][line:72][INFO] Epoch:[79/120]	 Test acc=85.880

[2026-03-03 16:50:36,527][main_train.py][line:69][INFO] Epoch:[80/120]	 loss=208.25018	 acc=76.854
[2026-03-03 16:50:37,201][main_train.py][line:72][INFO] Epoch:[80/120]	 Test acc=82.780

[2026-03-03 16:50:48,318][main_train.py][line:69][INFO] Epoch:[81/120]	 loss=207.07961	 acc=76.790
[2026-03-03 16:50:49,005][main_train.py][line:72][INFO] Epoch:[81/120]	 Test acc=86.340

[2026-03-03 16:51:00,221][main_train.py][line:69][INFO] Epoch:[82/120]	 loss=202.89888	 acc=77.438
[2026-03-03 16:51:00,893][main_train.py][line:72][INFO] Epoch:[82/120]	 Test acc=85.830

[2026-03-03 16:51:11,605][main_train.py][line:69][INFO] Epoch:[83/120]	 loss=201.72565	 acc=77.554
[2026-03-03 16:51:12,288][main_train.py][line:72][INFO] Epoch:[83/120]	 Test acc=85.050

[2026-03-03 16:51:22,959][main_train.py][line:69][INFO] Epoch:[84/120]	 loss=201.54998	 acc=77.570
[2026-03-03 16:51:23,620][main_train.py][line:72][INFO] Epoch:[84/120]	 Test acc=85.020

[2026-03-03 16:51:34,283][main_train.py][line:69][INFO] Epoch:[85/120]	 loss=197.55561	 acc=77.998
[2026-03-03 16:51:34,951][main_train.py][line:72][INFO] Epoch:[85/120]	 Test acc=87.410

[2026-03-03 16:51:45,827][main_train.py][line:69][INFO] Epoch:[86/120]	 loss=196.36774	 acc=78.220
[2026-03-03 16:51:46,517][main_train.py][line:72][INFO] Epoch:[86/120]	 Test acc=86.820

[2026-03-03 16:51:57,655][main_train.py][line:69][INFO] Epoch:[87/120]	 loss=194.31469	 acc=78.646
[2026-03-03 16:51:58,354][main_train.py][line:72][INFO] Epoch:[87/120]	 Test acc=86.720

[2026-03-03 16:52:09,492][main_train.py][line:69][INFO] Epoch:[88/120]	 loss=191.73409	 acc=78.596
[2026-03-03 16:52:10,171][main_train.py][line:72][INFO] Epoch:[88/120]	 Test acc=86.770

[2026-03-03 16:52:21,266][main_train.py][line:69][INFO] Epoch:[89/120]	 loss=189.25770	 acc=79.144
[2026-03-03 16:52:21,946][main_train.py][line:72][INFO] Epoch:[89/120]	 Test acc=87.370

[2026-03-03 16:52:33,092][main_train.py][line:69][INFO] Epoch:[90/120]	 loss=186.94356	 acc=78.940
[2026-03-03 16:52:33,794][main_train.py][line:72][INFO] Epoch:[90/120]	 Test acc=88.220

[2026-03-03 16:52:45,091][main_train.py][line:69][INFO] Epoch:[91/120]	 loss=186.40919	 acc=79.238
[2026-03-03 16:52:45,782][main_train.py][line:72][INFO] Epoch:[91/120]	 Test acc=85.940

[2026-03-03 16:52:56,918][main_train.py][line:69][INFO] Epoch:[92/120]	 loss=184.09897	 acc=79.376
[2026-03-03 16:52:57,599][main_train.py][line:72][INFO] Epoch:[92/120]	 Test acc=87.350

[2026-03-03 16:53:08,776][main_train.py][line:69][INFO] Epoch:[93/120]	 loss=180.73405	 acc=79.938
[2026-03-03 16:53:09,451][main_train.py][line:72][INFO] Epoch:[93/120]	 Test acc=88.120

[2026-03-03 16:53:20,599][main_train.py][line:69][INFO] Epoch:[94/120]	 loss=177.59716	 acc=80.192
[2026-03-03 16:53:21,274][main_train.py][line:72][INFO] Epoch:[94/120]	 Test acc=89.110

[2026-03-03 16:53:32,921][main_train.py][line:69][INFO] Epoch:[95/120]	 loss=178.53813	 acc=80.018
[2026-03-03 16:53:33,640][main_train.py][line:72][INFO] Epoch:[95/120]	 Test acc=88.380

[2026-03-03 16:53:44,803][main_train.py][line:69][INFO] Epoch:[96/120]	 loss=173.99330	 acc=80.646
[2026-03-03 16:53:45,500][main_train.py][line:72][INFO] Epoch:[96/120]	 Test acc=89.200

[2026-03-03 16:53:56,718][main_train.py][line:69][INFO] Epoch:[97/120]	 loss=173.54343	 acc=80.766
[2026-03-03 16:53:57,388][main_train.py][line:72][INFO] Epoch:[97/120]	 Test acc=88.960

[2026-03-03 16:54:08,141][main_train.py][line:69][INFO] Epoch:[98/120]	 loss=171.73018	 acc=80.980
[2026-03-03 16:54:08,816][main_train.py][line:72][INFO] Epoch:[98/120]	 Test acc=89.130

[2026-03-03 16:54:19,479][main_train.py][line:69][INFO] Epoch:[99/120]	 loss=168.26023	 acc=81.304
[2026-03-03 16:54:20,179][main_train.py][line:72][INFO] Epoch:[99/120]	 Test acc=88.730

[2026-03-03 16:54:30,800][main_train.py][line:69][INFO] Epoch:[100/120]	 loss=164.42405	 acc=81.674
[2026-03-03 16:54:31,448][main_train.py][line:72][INFO] Epoch:[100/120]	 Test acc=89.920

[2026-03-03 16:54:42,197][main_train.py][line:69][INFO] Epoch:[101/120]	 loss=164.11890	 acc=81.754
[2026-03-03 16:54:42,862][main_train.py][line:72][INFO] Epoch:[101/120]	 Test acc=89.650

[2026-03-03 16:54:53,935][main_train.py][line:69][INFO] Epoch:[102/120]	 loss=160.67842	 acc=82.050
[2026-03-03 16:54:54,604][main_train.py][line:72][INFO] Epoch:[102/120]	 Test acc=89.870

[2026-03-03 16:55:05,705][main_train.py][line:69][INFO] Epoch:[103/120]	 loss=158.65408	 acc=82.414
[2026-03-03 16:55:06,404][main_train.py][line:72][INFO] Epoch:[103/120]	 Test acc=89.220

[2026-03-03 16:55:17,485][main_train.py][line:69][INFO] Epoch:[104/120]	 loss=157.34066	 acc=82.564
[2026-03-03 16:55:18,165][main_train.py][line:72][INFO] Epoch:[104/120]	 Test acc=90.190

[2026-03-03 16:55:29,491][main_train.py][line:69][INFO] Epoch:[105/120]	 loss=155.52678	 acc=82.604
[2026-03-03 16:55:30,183][main_train.py][line:72][INFO] Epoch:[105/120]	 Test acc=90.680

[2026-03-03 16:55:41,337][main_train.py][line:69][INFO] Epoch:[106/120]	 loss=153.93588	 acc=82.836
[2026-03-03 16:55:42,017][main_train.py][line:72][INFO] Epoch:[106/120]	 Test acc=90.730

[2026-03-03 16:55:53,259][main_train.py][line:69][INFO] Epoch:[107/120]	 loss=152.11834	 acc=83.144
[2026-03-03 16:55:53,953][main_train.py][line:72][INFO] Epoch:[107/120]	 Test acc=90.940

[2026-03-03 16:56:05,129][main_train.py][line:69][INFO] Epoch:[108/120]	 loss=150.60808	 acc=83.154
[2026-03-03 16:56:05,817][main_train.py][line:72][INFO] Epoch:[108/120]	 Test acc=91.300

[2026-03-03 16:56:17,054][main_train.py][line:69][INFO] Epoch:[109/120]	 loss=147.59396	 acc=83.558
[2026-03-03 16:56:17,753][main_train.py][line:72][INFO] Epoch:[109/120]	 Test acc=91.380

[2026-03-03 16:56:29,009][main_train.py][line:69][INFO] Epoch:[110/120]	 loss=148.73147	 acc=83.532
[2026-03-03 16:56:29,689][main_train.py][line:72][INFO] Epoch:[110/120]	 Test acc=90.810

[2026-03-03 16:56:40,838][main_train.py][line:69][INFO] Epoch:[111/120]	 loss=144.92899	 acc=83.794
[2026-03-03 16:56:41,519][main_train.py][line:72][INFO] Epoch:[111/120]	 Test acc=91.320

[2026-03-03 16:56:52,628][main_train.py][line:69][INFO] Epoch:[112/120]	 loss=145.68369	 acc=83.926
[2026-03-03 16:56:53,288][main_train.py][line:72][INFO] Epoch:[112/120]	 Test acc=91.230

[2026-03-03 16:57:04,296][main_train.py][line:69][INFO] Epoch:[113/120]	 loss=145.37351	 acc=83.760
[2026-03-03 16:57:04,949][main_train.py][line:72][INFO] Epoch:[113/120]	 Test acc=91.540

[2026-03-03 16:57:15,655][main_train.py][line:69][INFO] Epoch:[114/120]	 loss=143.32613	 acc=83.990
[2026-03-03 16:57:16,299][main_train.py][line:72][INFO] Epoch:[114/120]	 Test acc=91.360

[2026-03-03 16:57:26,940][main_train.py][line:69][INFO] Epoch:[115/120]	 loss=141.66132	 acc=84.310
[2026-03-03 16:57:27,614][main_train.py][line:72][INFO] Epoch:[115/120]	 Test acc=91.580

[2026-03-03 16:57:38,352][main_train.py][line:69][INFO] Epoch:[116/120]	 loss=141.75606	 acc=84.084
[2026-03-03 16:57:39,004][main_train.py][line:72][INFO] Epoch:[116/120]	 Test acc=91.680

[2026-03-03 16:57:50,008][main_train.py][line:69][INFO] Epoch:[117/120]	 loss=140.43277	 acc=84.342
[2026-03-03 16:57:50,684][main_train.py][line:72][INFO] Epoch:[117/120]	 Test acc=91.670

[2026-03-03 16:58:01,851][main_train.py][line:69][INFO] Epoch:[118/120]	 loss=141.89204	 acc=84.288
[2026-03-03 16:58:02,537][main_train.py][line:72][INFO] Epoch:[118/120]	 Test acc=91.630

[2026-03-03 16:58:13,636][main_train.py][line:69][INFO] Epoch:[119/120]	 loss=140.86788	 acc=84.364
[2026-03-03 16:58:14,328][main_train.py][line:72][INFO] Epoch:[119/120]	 Test acc=91.540

[2026-03-03 16:58:14,328][main_train.py][line:78][INFO] Best Test acc=91.680


ANN accuracy:

SNN accuracy: 
-T=1 
-T=2 
-T=4 
-T=8 
-T=16 
-T=32 
-T=64 