[2026-03-09 10:49:23,040][main_train.py][line:65][INFO] start training!
[2026-03-09 10:49:45,329][main_train.py][line:69][INFO] Epoch:[0/200]	 loss=669.54653	 acc=18.062
[2026-03-09 10:49:46,643][main_train.py][line:72][INFO] Epoch:[0/200]	 Test acc=26.630

[2026-03-09 10:50:05,866][main_train.py][line:69][INFO] Epoch:[1/200]	 loss=605.41249	 acc=26.034
[2026-03-09 10:50:07,287][main_train.py][line:72][INFO] Epoch:[1/200]	 Test acc=36.670

[2026-03-09 10:50:26,209][main_train.py][line:69][INFO] Epoch:[2/200]	 loss=570.33750	 acc=32.120
[2026-03-09 10:50:27,514][main_train.py][line:72][INFO] Epoch:[2/200]	 Test acc=40.390

[2026-03-09 10:50:46,718][main_train.py][line:69][INFO] Epoch:[3/200]	 loss=530.13734	 acc=38.036
[2026-03-09 10:50:48,016][main_train.py][line:72][INFO] Epoch:[3/200]	 Test acc=39.360

[2026-03-09 10:51:05,648][main_train.py][line:69][INFO] Epoch:[4/200]	 loss=491.74982	 acc=43.804
[2026-03-09 10:51:06,887][main_train.py][line:72][INFO] Epoch:[4/200]	 Test acc=56.330

[2026-03-09 10:51:25,531][main_train.py][line:69][INFO] Epoch:[5/200]	 loss=461.68744	 acc=48.142
[2026-03-09 10:51:26,791][main_train.py][line:72][INFO] Epoch:[5/200]	 Test acc=58.240

[2026-03-09 10:51:45,515][main_train.py][line:69][INFO] Epoch:[6/200]	 loss=436.64509	 acc=51.110
[2026-03-09 10:51:46,743][main_train.py][line:72][INFO] Epoch:[6/200]	 Test acc=52.350

[2026-03-09 10:52:03,982][main_train.py][line:69][INFO] Epoch:[7/200]	 loss=419.07517	 acc=53.110
[2026-03-09 10:52:05,212][main_train.py][line:72][INFO] Epoch:[7/200]	 Test acc=57.690

[2026-03-09 10:52:22,480][main_train.py][line:69][INFO] Epoch:[8/200]	 loss=405.32812	 acc=54.958
[2026-03-09 10:52:23,709][main_train.py][line:72][INFO] Epoch:[8/200]	 Test acc=65.380

[2026-03-09 10:52:42,503][main_train.py][line:69][INFO] Epoch:[9/200]	 loss=396.51017	 acc=55.906
[2026-03-09 10:52:43,735][main_train.py][line:72][INFO] Epoch:[9/200]	 Test acc=66.030

[2026-03-09 10:53:02,584][main_train.py][line:69][INFO] Epoch:[10/200]	 loss=387.09512	 acc=57.294
[2026-03-09 10:53:03,835][main_train.py][line:72][INFO] Epoch:[10/200]	 Test acc=63.190

[2026-03-09 10:53:21,183][main_train.py][line:69][INFO] Epoch:[11/200]	 loss=377.15041	 acc=58.638
[2026-03-09 10:53:22,411][main_train.py][line:72][INFO] Epoch:[11/200]	 Test acc=62.770

[2026-03-09 10:53:39,717][main_train.py][line:69][INFO] Epoch:[12/200]	 loss=371.80824	 acc=59.378
[2026-03-09 10:53:40,946][main_train.py][line:72][INFO] Epoch:[12/200]	 Test acc=64.470

[2026-03-09 10:53:58,286][main_train.py][line:69][INFO] Epoch:[13/200]	 loss=363.84140	 acc=60.436
[2026-03-09 10:53:59,549][main_train.py][line:72][INFO] Epoch:[13/200]	 Test acc=70.200

[2026-03-09 10:54:18,334][main_train.py][line:69][INFO] Epoch:[14/200]	 loss=358.31744	 acc=61.390
[2026-03-09 10:54:19,588][main_train.py][line:72][INFO] Epoch:[14/200]	 Test acc=67.820

[2026-03-09 10:54:36,932][main_train.py][line:69][INFO] Epoch:[15/200]	 loss=356.89336	 acc=61.552
[2026-03-09 10:54:38,168][main_train.py][line:72][INFO] Epoch:[15/200]	 Test acc=73.970

[2026-03-09 10:54:57,088][main_train.py][line:69][INFO] Epoch:[16/200]	 loss=350.97976	 acc=62.348
[2026-03-09 10:54:58,329][main_train.py][line:72][INFO] Epoch:[16/200]	 Test acc=73.980

[2026-03-09 10:55:17,159][main_train.py][line:69][INFO] Epoch:[17/200]	 loss=345.28101	 acc=62.972
[2026-03-09 10:55:18,390][main_train.py][line:72][INFO] Epoch:[17/200]	 Test acc=71.400

[2026-03-09 10:55:35,810][main_train.py][line:69][INFO] Epoch:[18/200]	 loss=344.18433	 acc=63.036
[2026-03-09 10:55:37,073][main_train.py][line:72][INFO] Epoch:[18/200]	 Test acc=70.230

[2026-03-09 10:55:54,549][main_train.py][line:69][INFO] Epoch:[19/200]	 loss=340.82494	 acc=63.344
[2026-03-09 10:55:55,785][main_train.py][line:72][INFO] Epoch:[19/200]	 Test acc=69.450

[2026-03-09 10:56:13,224][main_train.py][line:69][INFO] Epoch:[20/200]	 loss=339.92014	 acc=63.578
[2026-03-09 10:56:14,467][main_train.py][line:72][INFO] Epoch:[20/200]	 Test acc=69.580

[2026-03-09 10:56:31,928][main_train.py][line:69][INFO] Epoch:[21/200]	 loss=336.47530	 acc=63.936
[2026-03-09 10:56:33,167][main_train.py][line:72][INFO] Epoch:[21/200]	 Test acc=72.560

[2026-03-09 10:56:50,615][main_train.py][line:69][INFO] Epoch:[22/200]	 loss=334.04894	 acc=64.252
[2026-03-09 10:56:51,861][main_train.py][line:72][INFO] Epoch:[22/200]	 Test acc=71.790

[2026-03-09 10:57:09,308][main_train.py][line:69][INFO] Epoch:[23/200]	 loss=332.91640	 acc=64.368
[2026-03-09 10:57:10,548][main_train.py][line:72][INFO] Epoch:[23/200]	 Test acc=68.500

[2026-03-09 10:57:27,962][main_train.py][line:69][INFO] Epoch:[24/200]	 loss=335.09424	 acc=64.016
[2026-03-09 10:57:29,206][main_train.py][line:72][INFO] Epoch:[24/200]	 Test acc=74.120

[2026-03-09 10:57:48,002][main_train.py][line:69][INFO] Epoch:[25/200]	 loss=329.66210	 acc=64.664
[2026-03-09 10:57:49,263][main_train.py][line:72][INFO] Epoch:[25/200]	 Test acc=78.870

[2026-03-09 10:58:08,563][main_train.py][line:69][INFO] Epoch:[26/200]	 loss=325.70618	 acc=65.176
[2026-03-09 10:58:09,934][main_train.py][line:72][INFO] Epoch:[26/200]	 Test acc=76.900

[2026-03-09 10:58:28,042][main_train.py][line:69][INFO] Epoch:[27/200]	 loss=321.13033	 acc=65.798
[2026-03-09 10:58:29,504][main_train.py][line:72][INFO] Epoch:[27/200]	 Test acc=76.240

[2026-03-09 10:58:47,107][main_train.py][line:69][INFO] Epoch:[28/200]	 loss=322.58464	 acc=65.234
[2026-03-09 10:58:48,351][main_train.py][line:72][INFO] Epoch:[28/200]	 Test acc=71.870

[2026-03-09 10:59:05,760][main_train.py][line:69][INFO] Epoch:[29/200]	 loss=316.32716	 acc=66.210
[2026-03-09 10:59:07,026][main_train.py][line:72][INFO] Epoch:[29/200]	 Test acc=73.610

[2026-03-09 10:59:24,449][main_train.py][line:69][INFO] Epoch:[30/200]	 loss=317.07748	 acc=66.000
[2026-03-09 10:59:25,693][main_train.py][line:72][INFO] Epoch:[30/200]	 Test acc=76.450

[2026-03-09 10:59:43,274][main_train.py][line:69][INFO] Epoch:[31/200]	 loss=315.53688	 acc=66.302
[2026-03-09 10:59:44,614][main_train.py][line:72][INFO] Epoch:[31/200]	 Test acc=69.420

[2026-03-09 11:00:02,511][main_train.py][line:69][INFO] Epoch:[32/200]	 loss=314.06688	 acc=66.508
[2026-03-09 11:00:03,784][main_train.py][line:72][INFO] Epoch:[32/200]	 Test acc=77.830

[2026-03-09 11:00:21,944][main_train.py][line:69][INFO] Epoch:[33/200]	 loss=310.77852	 acc=66.808
[2026-03-09 11:00:23,397][main_train.py][line:72][INFO] Epoch:[33/200]	 Test acc=73.450

[2026-03-09 11:00:40,770][main_train.py][line:69][INFO] Epoch:[34/200]	 loss=308.55649	 acc=66.864
[2026-03-09 11:00:42,013][main_train.py][line:72][INFO] Epoch:[34/200]	 Test acc=72.980

[2026-03-09 11:00:59,352][main_train.py][line:69][INFO] Epoch:[35/200]	 loss=314.33328	 acc=66.200
[2026-03-09 11:01:00,599][main_train.py][line:72][INFO] Epoch:[35/200]	 Test acc=79.620

[2026-03-09 11:01:19,493][main_train.py][line:69][INFO] Epoch:[36/200]	 loss=310.26243	 acc=66.810
[2026-03-09 11:01:20,727][main_train.py][line:72][INFO] Epoch:[36/200]	 Test acc=78.770

[2026-03-09 11:01:38,090][main_train.py][line:69][INFO] Epoch:[37/200]	 loss=307.51733	 acc=67.076
[2026-03-09 11:01:39,346][main_train.py][line:72][INFO] Epoch:[37/200]	 Test acc=79.340

[2026-03-09 11:01:56,769][main_train.py][line:69][INFO] Epoch:[38/200]	 loss=306.31416	 acc=67.308
[2026-03-09 11:01:58,000][main_train.py][line:72][INFO] Epoch:[38/200]	 Test acc=76.400

[2026-03-09 11:02:15,357][main_train.py][line:69][INFO] Epoch:[39/200]	 loss=304.94361	 acc=67.170
[2026-03-09 11:02:16,605][main_train.py][line:72][INFO] Epoch:[39/200]	 Test acc=77.290

[2026-03-09 11:02:33,941][main_train.py][line:69][INFO] Epoch:[40/200]	 loss=304.58058	 acc=67.258
[2026-03-09 11:02:35,205][main_train.py][line:72][INFO] Epoch:[40/200]	 Test acc=74.910

[2026-03-09 11:02:52,561][main_train.py][line:69][INFO] Epoch:[41/200]	 loss=306.64518	 acc=67.406
[2026-03-09 11:02:53,824][main_train.py][line:72][INFO] Epoch:[41/200]	 Test acc=77.260

[2026-03-09 11:03:11,198][main_train.py][line:69][INFO] Epoch:[42/200]	 loss=300.51397	 acc=67.682
[2026-03-09 11:03:12,437][main_train.py][line:72][INFO] Epoch:[42/200]	 Test acc=79.680

[2026-03-09 11:03:31,270][main_train.py][line:69][INFO] Epoch:[43/200]	 loss=302.82315	 acc=67.568
[2026-03-09 11:03:32,517][main_train.py][line:72][INFO] Epoch:[43/200]	 Test acc=74.370

[2026-03-09 11:03:49,876][main_train.py][line:69][INFO] Epoch:[44/200]	 loss=298.77951	 acc=68.026
[2026-03-09 11:03:51,116][main_train.py][line:72][INFO] Epoch:[44/200]	 Test acc=77.520

[2026-03-09 11:04:08,476][main_train.py][line:69][INFO] Epoch:[45/200]	 loss=301.34391	 acc=67.820
[2026-03-09 11:04:09,714][main_train.py][line:72][INFO] Epoch:[45/200]	 Test acc=75.250

[2026-03-09 11:04:27,136][main_train.py][line:69][INFO] Epoch:[46/200]	 loss=301.65746	 acc=67.622
[2026-03-09 11:04:28,394][main_train.py][line:72][INFO] Epoch:[46/200]	 Test acc=80.610

[2026-03-09 11:04:47,208][main_train.py][line:69][INFO] Epoch:[47/200]	 loss=296.87115	 acc=68.314
[2026-03-09 11:04:48,447][main_train.py][line:72][INFO] Epoch:[47/200]	 Test acc=77.590

[2026-03-09 11:05:05,815][main_train.py][line:69][INFO] Epoch:[48/200]	 loss=293.69052	 acc=68.528
[2026-03-09 11:05:07,086][main_train.py][line:72][INFO] Epoch:[48/200]	 Test acc=76.390

[2026-03-09 11:05:24,440][main_train.py][line:69][INFO] Epoch:[49/200]	 loss=292.17363	 acc=68.710
[2026-03-09 11:05:25,705][main_train.py][line:72][INFO] Epoch:[49/200]	 Test acc=79.350

[2026-03-09 11:05:43,088][main_train.py][line:69][INFO] Epoch:[50/200]	 loss=291.41232	 acc=68.714
[2026-03-09 11:05:44,335][main_train.py][line:72][INFO] Epoch:[50/200]	 Test acc=80.380

[2026-03-09 11:06:01,725][main_train.py][line:69][INFO] Epoch:[51/200]	 loss=294.51945	 acc=68.528
[2026-03-09 11:06:02,984][main_train.py][line:72][INFO] Epoch:[51/200]	 Test acc=78.510

[2026-03-09 11:06:20,379][main_train.py][line:69][INFO] Epoch:[52/200]	 loss=291.04325	 acc=68.672
[2026-03-09 11:06:21,614][main_train.py][line:72][INFO] Epoch:[52/200]	 Test acc=75.270

[2026-03-09 11:06:38,969][main_train.py][line:69][INFO] Epoch:[53/200]	 loss=288.24700	 acc=69.204
[2026-03-09 11:06:40,208][main_train.py][line:72][INFO] Epoch:[53/200]	 Test acc=75.910

[2026-03-09 11:06:57,606][main_train.py][line:69][INFO] Epoch:[54/200]	 loss=283.53116	 acc=69.420
[2026-03-09 11:06:58,848][main_train.py][line:72][INFO] Epoch:[54/200]	 Test acc=78.470

[2026-03-09 11:07:16,208][main_train.py][line:69][INFO] Epoch:[55/200]	 loss=290.57117	 acc=68.924
[2026-03-09 11:07:17,448][main_train.py][line:72][INFO] Epoch:[55/200]	 Test acc=77.690

[2026-03-09 11:07:34,812][main_train.py][line:69][INFO] Epoch:[56/200]	 loss=285.51906	 acc=69.234
[2026-03-09 11:07:36,053][main_train.py][line:72][INFO] Epoch:[56/200]	 Test acc=78.130

[2026-03-09 11:07:53,483][main_train.py][line:69][INFO] Epoch:[57/200]	 loss=285.12406	 acc=69.550
[2026-03-09 11:07:54,755][main_train.py][line:72][INFO] Epoch:[57/200]	 Test acc=79.500

[2026-03-09 11:08:12,130][main_train.py][line:69][INFO] Epoch:[58/200]	 loss=285.19395	 acc=69.340
[2026-03-09 11:08:13,554][main_train.py][line:72][INFO] Epoch:[58/200]	 Test acc=77.560

[2026-03-09 11:08:30,912][main_train.py][line:69][INFO] Epoch:[59/200]	 loss=283.56896	 acc=69.698
[2026-03-09 11:08:32,158][main_train.py][line:72][INFO] Epoch:[59/200]	 Test acc=82.680

[2026-03-09 11:08:51,046][main_train.py][line:69][INFO] Epoch:[60/200]	 loss=281.27277	 acc=69.802
[2026-03-09 11:08:52,310][main_train.py][line:72][INFO] Epoch:[60/200]	 Test acc=78.340

[2026-03-09 11:09:09,662][main_train.py][line:69][INFO] Epoch:[61/200]	 loss=280.80673	 acc=70.104
[2026-03-09 11:09:10,906][main_train.py][line:72][INFO] Epoch:[61/200]	 Test acc=80.380

[2026-03-09 11:09:28,259][main_train.py][line:69][INFO] Epoch:[62/200]	 loss=281.87072	 acc=69.684
[2026-03-09 11:09:29,500][main_train.py][line:72][INFO] Epoch:[62/200]	 Test acc=78.900

[2026-03-09 11:09:46,856][main_train.py][line:69][INFO] Epoch:[63/200]	 loss=280.34376	 acc=69.798
[2026-03-09 11:09:48,104][main_train.py][line:72][INFO] Epoch:[63/200]	 Test acc=78.590

[2026-03-09 11:10:05,465][main_train.py][line:69][INFO] Epoch:[64/200]	 loss=279.58257	 acc=70.166
[2026-03-09 11:10:06,718][main_train.py][line:72][INFO] Epoch:[64/200]	 Test acc=80.130

[2026-03-09 11:10:24,052][main_train.py][line:69][INFO] Epoch:[65/200]	 loss=279.51047	 acc=69.750
[2026-03-09 11:10:25,290][main_train.py][line:72][INFO] Epoch:[65/200]	 Test acc=82.670

[2026-03-09 11:10:42,677][main_train.py][line:69][INFO] Epoch:[66/200]	 loss=275.95921	 acc=70.456
[2026-03-09 11:10:43,907][main_train.py][line:72][INFO] Epoch:[66/200]	 Test acc=75.880

[2026-03-09 11:11:01,247][main_train.py][line:69][INFO] Epoch:[67/200]	 loss=275.96741	 acc=70.422
[2026-03-09 11:11:02,479][main_train.py][line:72][INFO] Epoch:[67/200]	 Test acc=84.100

[2026-03-09 11:11:21,267][main_train.py][line:69][INFO] Epoch:[68/200]	 loss=272.76935	 acc=70.782
[2026-03-09 11:11:22,491][main_train.py][line:72][INFO] Epoch:[68/200]	 Test acc=78.470

[2026-03-09 11:11:39,853][main_train.py][line:69][INFO] Epoch:[69/200]	 loss=273.31791	 acc=70.828
[2026-03-09 11:11:41,089][main_train.py][line:72][INFO] Epoch:[69/200]	 Test acc=80.170

[2026-03-09 11:11:58,437][main_train.py][line:69][INFO] Epoch:[70/200]	 loss=272.22501	 acc=70.932
[2026-03-09 11:11:59,675][main_train.py][line:72][INFO] Epoch:[70/200]	 Test acc=80.610

[2026-03-09 11:12:17,031][main_train.py][line:69][INFO] Epoch:[71/200]	 loss=271.80223	 acc=70.824
[2026-03-09 11:12:18,282][main_train.py][line:72][INFO] Epoch:[71/200]	 Test acc=83.190

[2026-03-09 11:12:35,650][main_train.py][line:69][INFO] Epoch:[72/200]	 loss=269.13902	 acc=71.060
[2026-03-09 11:12:36,893][main_train.py][line:72][INFO] Epoch:[72/200]	 Test acc=82.090

[2026-03-09 11:12:54,222][main_train.py][line:69][INFO] Epoch:[73/200]	 loss=268.98217	 acc=71.162
[2026-03-09 11:12:55,461][main_train.py][line:72][INFO] Epoch:[73/200]	 Test acc=75.700

[2026-03-09 11:13:12,779][main_train.py][line:69][INFO] Epoch:[74/200]	 loss=268.63858	 acc=71.176
[2026-03-09 11:13:14,031][main_train.py][line:72][INFO] Epoch:[74/200]	 Test acc=82.670

[2026-03-09 11:13:31,392][main_train.py][line:69][INFO] Epoch:[75/200]	 loss=264.29727	 acc=71.692
[2026-03-09 11:13:32,634][main_train.py][line:72][INFO] Epoch:[75/200]	 Test acc=80.610

[2026-03-09 11:13:49,990][main_train.py][line:69][INFO] Epoch:[76/200]	 loss=265.43355	 acc=71.504
[2026-03-09 11:13:51,230][main_train.py][line:72][INFO] Epoch:[76/200]	 Test acc=80.110

[2026-03-09 11:14:08,593][main_train.py][line:69][INFO] Epoch:[77/200]	 loss=264.11176	 acc=71.634
[2026-03-09 11:14:09,844][main_train.py][line:72][INFO] Epoch:[77/200]	 Test acc=80.480

[2026-03-09 11:14:27,156][main_train.py][line:69][INFO] Epoch:[78/200]	 loss=263.68366	 acc=71.554
[2026-03-09 11:14:28,404][main_train.py][line:72][INFO] Epoch:[78/200]	 Test acc=81.790

[2026-03-09 11:14:45,776][main_train.py][line:69][INFO] Epoch:[79/200]	 loss=264.33639	 acc=71.664
[2026-03-09 11:14:47,023][main_train.py][line:72][INFO] Epoch:[79/200]	 Test acc=80.530

[2026-03-09 11:15:04,388][main_train.py][line:69][INFO] Epoch:[80/200]	 loss=261.41738	 acc=71.990
[2026-03-09 11:15:05,633][main_train.py][line:72][INFO] Epoch:[80/200]	 Test acc=81.520

[2026-03-09 11:15:22,986][main_train.py][line:69][INFO] Epoch:[81/200]	 loss=261.04185	 acc=71.878
[2026-03-09 11:15:24,244][main_train.py][line:72][INFO] Epoch:[81/200]	 Test acc=78.280

[2026-03-09 11:15:41,589][main_train.py][line:69][INFO] Epoch:[82/200]	 loss=261.17570	 acc=71.716
[2026-03-09 11:15:42,860][main_train.py][line:72][INFO] Epoch:[82/200]	 Test acc=82.570

[2026-03-09 11:16:00,205][main_train.py][line:69][INFO] Epoch:[83/200]	 loss=256.37396	 acc=72.558
[2026-03-09 11:16:01,497][main_train.py][line:72][INFO] Epoch:[83/200]	 Test acc=82.360

[2026-03-09 11:16:18,863][main_train.py][line:69][INFO] Epoch:[84/200]	 loss=254.61354	 acc=72.782
[2026-03-09 11:16:20,094][main_train.py][line:72][INFO] Epoch:[84/200]	 Test acc=83.090

[2026-03-09 11:16:37,436][main_train.py][line:69][INFO] Epoch:[85/200]	 loss=255.23076	 acc=72.748
[2026-03-09 11:16:38,685][main_train.py][line:72][INFO] Epoch:[85/200]	 Test acc=82.900

[2026-03-09 11:16:56,029][main_train.py][line:69][INFO] Epoch:[86/200]	 loss=252.79775	 acc=72.824
[2026-03-09 11:16:57,281][main_train.py][line:72][INFO] Epoch:[86/200]	 Test acc=83.640

[2026-03-09 11:17:14,662][main_train.py][line:69][INFO] Epoch:[87/200]	 loss=253.28949	 acc=72.668
[2026-03-09 11:17:15,903][main_train.py][line:72][INFO] Epoch:[87/200]	 Test acc=83.460

[2026-03-09 11:17:33,296][main_train.py][line:69][INFO] Epoch:[88/200]	 loss=254.09660	 acc=72.712
[2026-03-09 11:17:34,570][main_train.py][line:72][INFO] Epoch:[88/200]	 Test acc=83.910

[2026-03-09 11:17:51,934][main_train.py][line:69][INFO] Epoch:[89/200]	 loss=251.88741	 acc=72.998
[2026-03-09 11:17:53,192][main_train.py][line:72][INFO] Epoch:[89/200]	 Test acc=82.140

[2026-03-09 11:18:10,551][main_train.py][line:69][INFO] Epoch:[90/200]	 loss=251.45833	 acc=72.796
[2026-03-09 11:18:11,794][main_train.py][line:72][INFO] Epoch:[90/200]	 Test acc=84.510

[2026-03-09 11:18:30,654][main_train.py][line:69][INFO] Epoch:[91/200]	 loss=245.42842	 acc=73.646
[2026-03-09 11:18:31,898][main_train.py][line:72][INFO] Epoch:[91/200]	 Test acc=82.650

[2026-03-09 11:18:49,216][main_train.py][line:69][INFO] Epoch:[92/200]	 loss=246.34139	 acc=73.492
[2026-03-09 11:18:50,474][main_train.py][line:72][INFO] Epoch:[92/200]	 Test acc=85.530

[2026-03-09 11:19:09,230][main_train.py][line:69][INFO] Epoch:[93/200]	 loss=244.82515	 acc=73.740
[2026-03-09 11:19:10,469][main_train.py][line:72][INFO] Epoch:[93/200]	 Test acc=85.530

[2026-03-09 11:19:27,807][main_train.py][line:69][INFO] Epoch:[94/200]	 loss=242.81420	 acc=73.958
[2026-03-09 11:19:29,038][main_train.py][line:72][INFO] Epoch:[94/200]	 Test acc=79.750

[2026-03-09 11:19:46,393][main_train.py][line:69][INFO] Epoch:[95/200]	 loss=244.47697	 acc=73.828
[2026-03-09 11:19:47,634][main_train.py][line:72][INFO] Epoch:[95/200]	 Test acc=85.090

[2026-03-09 11:20:04,984][main_train.py][line:69][INFO] Epoch:[96/200]	 loss=244.67439	 acc=73.704
[2026-03-09 11:20:06,230][main_train.py][line:72][INFO] Epoch:[96/200]	 Test acc=82.250

[2026-03-09 11:20:23,584][main_train.py][line:69][INFO] Epoch:[97/200]	 loss=241.89276	 acc=73.902
[2026-03-09 11:20:24,832][main_train.py][line:72][INFO] Epoch:[97/200]	 Test acc=83.900

[2026-03-09 11:20:42,225][main_train.py][line:69][INFO] Epoch:[98/200]	 loss=238.84498	 acc=74.530
[2026-03-09 11:20:43,472][main_train.py][line:72][INFO] Epoch:[98/200]	 Test acc=84.330

[2026-03-09 11:21:00,831][main_train.py][line:69][INFO] Epoch:[99/200]	 loss=237.41700	 acc=74.192
[2026-03-09 11:21:02,076][main_train.py][line:72][INFO] Epoch:[99/200]	 Test acc=85.840

[2026-03-09 11:21:20,825][main_train.py][line:69][INFO] Epoch:[100/200]	 loss=238.61827	 acc=74.344
[2026-03-09 11:21:22,075][main_train.py][line:72][INFO] Epoch:[100/200]	 Test acc=84.190

[2026-03-09 11:21:39,431][main_train.py][line:69][INFO] Epoch:[101/200]	 loss=234.41679	 acc=74.656
[2026-03-09 11:21:40,680][main_train.py][line:72][INFO] Epoch:[101/200]	 Test acc=84.700

[2026-03-09 11:21:58,041][main_train.py][line:69][INFO] Epoch:[102/200]	 loss=237.53645	 acc=74.448
[2026-03-09 11:21:59,306][main_train.py][line:72][INFO] Epoch:[102/200]	 Test acc=85.070

[2026-03-09 11:22:16,671][main_train.py][line:69][INFO] Epoch:[103/200]	 loss=235.64031	 acc=74.582
[2026-03-09 11:22:17,921][main_train.py][line:72][INFO] Epoch:[103/200]	 Test acc=86.990

[2026-03-09 11:22:36,791][main_train.py][line:69][INFO] Epoch:[104/200]	 loss=230.43728	 acc=75.252
[2026-03-09 11:22:38,059][main_train.py][line:72][INFO] Epoch:[104/200]	 Test acc=85.350

[2026-03-09 11:22:55,418][main_train.py][line:69][INFO] Epoch:[105/200]	 loss=229.92832	 acc=75.114
[2026-03-09 11:22:56,658][main_train.py][line:72][INFO] Epoch:[105/200]	 Test acc=87.710

[2026-03-09 11:23:15,520][main_train.py][line:69][INFO] Epoch:[106/200]	 loss=231.48166	 acc=74.902
[2026-03-09 11:23:16,783][main_train.py][line:72][INFO] Epoch:[106/200]	 Test acc=86.880

[2026-03-09 11:23:34,168][main_train.py][line:69][INFO] Epoch:[107/200]	 loss=230.68040	 acc=75.212
[2026-03-09 11:23:35,424][main_train.py][line:72][INFO] Epoch:[107/200]	 Test acc=86.440

[2026-03-09 11:23:52,816][main_train.py][line:69][INFO] Epoch:[108/200]	 loss=227.10693	 acc=75.494
[2026-03-09 11:23:54,107][main_train.py][line:72][INFO] Epoch:[108/200]	 Test acc=83.530

[2026-03-09 11:24:11,705][main_train.py][line:69][INFO] Epoch:[109/200]	 loss=223.48888	 acc=75.888
[2026-03-09 11:24:12,972][main_train.py][line:72][INFO] Epoch:[109/200]	 Test acc=87.830

[2026-03-09 11:24:35,170][main_train.py][line:69][INFO] Epoch:[110/200]	 loss=230.36233	 acc=75.082
[2026-03-09 11:24:36,413][main_train.py][line:72][INFO] Epoch:[110/200]	 Test acc=86.720

[2026-03-09 11:24:53,796][main_train.py][line:69][INFO] Epoch:[111/200]	 loss=223.53964	 acc=75.940
[2026-03-09 11:24:55,038][main_train.py][line:72][INFO] Epoch:[111/200]	 Test acc=86.870

[2026-03-09 11:25:12,457][main_train.py][line:69][INFO] Epoch:[112/200]	 loss=223.94207	 acc=75.856
[2026-03-09 11:25:13,698][main_train.py][line:72][INFO] Epoch:[112/200]	 Test acc=84.690

[2026-03-09 11:25:31,071][main_train.py][line:69][INFO] Epoch:[113/200]	 loss=222.95078	 acc=75.924
[2026-03-09 11:25:32,337][main_train.py][line:72][INFO] Epoch:[113/200]	 Test acc=81.210

[2026-03-09 11:25:49,723][main_train.py][line:69][INFO] Epoch:[114/200]	 loss=220.88626	 acc=76.202
[2026-03-09 11:25:51,000][main_train.py][line:72][INFO] Epoch:[114/200]	 Test acc=86.920

[2026-03-09 11:26:08,351][main_train.py][line:69][INFO] Epoch:[115/200]	 loss=216.74556	 acc=76.404
[2026-03-09 11:26:09,582][main_train.py][line:72][INFO] Epoch:[115/200]	 Test acc=86.990

[2026-03-09 11:26:26,955][main_train.py][line:69][INFO] Epoch:[116/200]	 loss=212.71174	 acc=77.072
[2026-03-09 11:26:28,218][main_train.py][line:72][INFO] Epoch:[116/200]	 Test acc=86.790

[2026-03-09 11:26:45,568][main_train.py][line:69][INFO] Epoch:[117/200]	 loss=216.09910	 acc=76.884
[2026-03-09 11:26:46,808][main_train.py][line:72][INFO] Epoch:[117/200]	 Test acc=87.550

[2026-03-09 11:27:04,147][main_train.py][line:69][INFO] Epoch:[118/200]	 loss=213.11643	 acc=77.032
[2026-03-09 11:27:05,376][main_train.py][line:72][INFO] Epoch:[118/200]	 Test acc=86.960

[2026-03-09 11:27:22,737][main_train.py][line:69][INFO] Epoch:[119/200]	 loss=211.49250	 acc=77.134
[2026-03-09 11:27:24,012][main_train.py][line:72][INFO] Epoch:[119/200]	 Test acc=87.500

[2026-03-09 11:27:41,382][main_train.py][line:69][INFO] Epoch:[120/200]	 loss=208.83342	 acc=77.406
[2026-03-09 11:27:42,623][main_train.py][line:72][INFO] Epoch:[120/200]	 Test acc=88.440

[2026-03-09 11:28:01,402][main_train.py][line:69][INFO] Epoch:[121/200]	 loss=208.21162	 acc=77.590
[2026-03-09 11:28:02,639][main_train.py][line:72][INFO] Epoch:[121/200]	 Test acc=83.940

[2026-03-09 11:28:19,961][main_train.py][line:69][INFO] Epoch:[122/200]	 loss=209.77942	 acc=77.222
[2026-03-09 11:28:21,224][main_train.py][line:72][INFO] Epoch:[122/200]	 Test acc=87.100

[2026-03-09 11:28:38,614][main_train.py][line:69][INFO] Epoch:[123/200]	 loss=204.37527	 acc=78.004
[2026-03-09 11:28:39,893][main_train.py][line:72][INFO] Epoch:[123/200]	 Test acc=86.720

[2026-03-09 11:28:57,276][main_train.py][line:69][INFO] Epoch:[124/200]	 loss=203.45925	 acc=78.134
[2026-03-09 11:28:58,524][main_train.py][line:72][INFO] Epoch:[124/200]	 Test acc=87.980

[2026-03-09 11:29:15,875][main_train.py][line:69][INFO] Epoch:[125/200]	 loss=201.94461	 acc=78.216
[2026-03-09 11:29:17,136][main_train.py][line:72][INFO] Epoch:[125/200]	 Test acc=89.350

[2026-03-09 11:29:35,966][main_train.py][line:69][INFO] Epoch:[126/200]	 loss=201.25979	 acc=78.146
[2026-03-09 11:29:37,223][main_train.py][line:72][INFO] Epoch:[126/200]	 Test acc=88.040

[2026-03-09 11:29:54,577][main_train.py][line:69][INFO] Epoch:[127/200]	 loss=201.00757	 acc=78.084
[2026-03-09 11:29:55,833][main_train.py][line:72][INFO] Epoch:[127/200]	 Test acc=89.200

[2026-03-09 11:30:13,194][main_train.py][line:69][INFO] Epoch:[128/200]	 loss=198.81496	 acc=78.566
[2026-03-09 11:30:14,436][main_train.py][line:72][INFO] Epoch:[128/200]	 Test acc=89.070

[2026-03-09 11:30:31,795][main_train.py][line:69][INFO] Epoch:[129/200]	 loss=197.63997	 acc=78.572
[2026-03-09 11:30:33,078][main_train.py][line:72][INFO] Epoch:[129/200]	 Test acc=87.790

[2026-03-09 11:30:50,432][main_train.py][line:69][INFO] Epoch:[130/200]	 loss=197.72788	 acc=78.500
[2026-03-09 11:30:51,688][main_train.py][line:72][INFO] Epoch:[130/200]	 Test acc=89.270

[2026-03-09 11:31:09,058][main_train.py][line:69][INFO] Epoch:[131/200]	 loss=195.01892	 acc=78.826
[2026-03-09 11:31:10,333][main_train.py][line:72][INFO] Epoch:[131/200]	 Test acc=88.140

[2026-03-09 11:31:27,714][main_train.py][line:69][INFO] Epoch:[132/200]	 loss=192.38417	 acc=79.108
[2026-03-09 11:31:28,954][main_train.py][line:72][INFO] Epoch:[132/200]	 Test acc=89.220

[2026-03-09 11:31:46,389][main_train.py][line:69][INFO] Epoch:[133/200]	 loss=189.26432	 acc=79.452
[2026-03-09 11:31:47,657][main_train.py][line:72][INFO] Epoch:[133/200]	 Test acc=90.550

[2026-03-09 11:32:06,563][main_train.py][line:69][INFO] Epoch:[134/200]	 loss=189.53223	 acc=79.398
[2026-03-09 11:32:07,860][main_train.py][line:72][INFO] Epoch:[134/200]	 Test acc=89.960

[2026-03-09 11:32:25,291][main_train.py][line:69][INFO] Epoch:[135/200]	 loss=187.21806	 acc=79.874
[2026-03-09 11:32:26,555][main_train.py][line:72][INFO] Epoch:[135/200]	 Test acc=89.890

[2026-03-09 11:32:44,026][main_train.py][line:69][INFO] Epoch:[136/200]	 loss=187.09031	 acc=79.656
[2026-03-09 11:32:45,275][main_train.py][line:72][INFO] Epoch:[136/200]	 Test acc=89.640

[2026-03-09 11:33:02,740][main_train.py][line:69][INFO] Epoch:[137/200]	 loss=185.08200	 acc=79.896
[2026-03-09 11:33:04,014][main_train.py][line:72][INFO] Epoch:[137/200]	 Test acc=87.450

[2026-03-09 11:33:21,380][main_train.py][line:69][INFO] Epoch:[138/200]	 loss=183.43304	 acc=80.078
[2026-03-09 11:33:22,691][main_train.py][line:72][INFO] Epoch:[138/200]	 Test acc=89.110

[2026-03-09 11:33:40,158][main_train.py][line:69][INFO] Epoch:[139/200]	 loss=182.14043	 acc=80.228
[2026-03-09 11:33:41,439][main_train.py][line:72][INFO] Epoch:[139/200]	 Test acc=90.080

[2026-03-09 11:33:58,908][main_train.py][line:69][INFO] Epoch:[140/200]	 loss=177.99709	 acc=80.722
[2026-03-09 11:34:00,162][main_train.py][line:72][INFO] Epoch:[140/200]	 Test acc=89.660

[2026-03-09 11:34:17,625][main_train.py][line:69][INFO] Epoch:[141/200]	 loss=175.28056	 acc=81.082
[2026-03-09 11:34:18,876][main_train.py][line:72][INFO] Epoch:[141/200]	 Test acc=91.270

[2026-03-09 11:34:37,748][main_train.py][line:69][INFO] Epoch:[142/200]	 loss=174.49747	 acc=80.956
[2026-03-09 11:34:39,006][main_train.py][line:72][INFO] Epoch:[142/200]	 Test acc=88.310

[2026-03-09 11:34:56,416][main_train.py][line:69][INFO] Epoch:[143/200]	 loss=172.86726	 acc=81.180
[2026-03-09 11:34:57,674][main_train.py][line:72][INFO] Epoch:[143/200]	 Test acc=91.120

[2026-03-09 11:35:15,138][main_train.py][line:69][INFO] Epoch:[144/200]	 loss=173.45286	 acc=81.140
[2026-03-09 11:35:16,390][main_train.py][line:72][INFO] Epoch:[144/200]	 Test acc=90.980

[2026-03-09 11:35:33,871][main_train.py][line:69][INFO] Epoch:[145/200]	 loss=170.86699	 acc=81.248
[2026-03-09 11:35:35,120][main_train.py][line:72][INFO] Epoch:[145/200]	 Test acc=91.230

[2026-03-09 11:35:52,578][main_train.py][line:69][INFO] Epoch:[146/200]	 loss=166.74554	 acc=81.918
[2026-03-09 11:35:53,867][main_train.py][line:72][INFO] Epoch:[146/200]	 Test acc=90.790

[2026-03-09 11:36:11,323][main_train.py][line:69][INFO] Epoch:[147/200]	 loss=166.52346	 acc=81.936
[2026-03-09 11:36:12,621][main_train.py][line:72][INFO] Epoch:[147/200]	 Test acc=90.280

[2026-03-09 11:36:30,094][main_train.py][line:69][INFO] Epoch:[148/200]	 loss=164.79639	 acc=81.956
[2026-03-09 11:36:31,390][main_train.py][line:72][INFO] Epoch:[148/200]	 Test acc=91.610

[2026-03-09 11:36:50,320][main_train.py][line:69][INFO] Epoch:[149/200]	 loss=162.48708	 acc=82.250
[2026-03-09 11:36:51,608][main_train.py][line:72][INFO] Epoch:[149/200]	 Test acc=90.730

[2026-03-09 11:37:09,091][main_train.py][line:69][INFO] Epoch:[150/200]	 loss=161.06342	 acc=82.270
[2026-03-09 11:37:10,345][main_train.py][line:72][INFO] Epoch:[150/200]	 Test acc=91.770

[2026-03-09 11:37:29,378][main_train.py][line:69][INFO] Epoch:[151/200]	 loss=159.14081	 acc=82.572
[2026-03-09 11:37:30,642][main_train.py][line:72][INFO] Epoch:[151/200]	 Test acc=91.840

[2026-03-09 11:37:49,562][main_train.py][line:69][INFO] Epoch:[152/200]	 loss=159.78041	 acc=82.698
[2026-03-09 11:37:50,823][main_train.py][line:72][INFO] Epoch:[152/200]	 Test acc=91.130

[2026-03-09 11:38:08,267][main_train.py][line:69][INFO] Epoch:[153/200]	 loss=154.60836	 acc=83.222
[2026-03-09 11:38:09,524][main_train.py][line:72][INFO] Epoch:[153/200]	 Test acc=91.960

[2026-03-09 11:38:28,309][main_train.py][line:69][INFO] Epoch:[154/200]	 loss=156.44816	 acc=82.986
[2026-03-09 11:38:29,554][main_train.py][line:72][INFO] Epoch:[154/200]	 Test acc=91.500

[2026-03-09 11:38:46,960][main_train.py][line:69][INFO] Epoch:[155/200]	 loss=153.23351	 acc=83.200
[2026-03-09 11:38:48,232][main_train.py][line:72][INFO] Epoch:[155/200]	 Test acc=91.620

[2026-03-09 11:39:05,629][main_train.py][line:69][INFO] Epoch:[156/200]	 loss=149.64916	 acc=83.682
[2026-03-09 11:39:06,878][main_train.py][line:72][INFO] Epoch:[156/200]	 Test acc=91.840

[2026-03-09 11:39:24,302][main_train.py][line:69][INFO] Epoch:[157/200]	 loss=147.23631	 acc=83.908
[2026-03-09 11:39:25,538][main_train.py][line:72][INFO] Epoch:[157/200]	 Test acc=92.260

[2026-03-09 11:39:44,412][main_train.py][line:69][INFO] Epoch:[158/200]	 loss=147.42312	 acc=83.834
[2026-03-09 11:39:45,648][main_train.py][line:72][INFO] Epoch:[158/200]	 Test acc=91.660

[2026-03-09 11:40:03,032][main_train.py][line:69][INFO] Epoch:[159/200]	 loss=143.71487	 acc=84.284
[2026-03-09 11:40:04,280][main_train.py][line:72][INFO] Epoch:[159/200]	 Test acc=92.210

[2026-03-09 11:40:21,764][main_train.py][line:69][INFO] Epoch:[160/200]	 loss=142.32509	 acc=84.570
[2026-03-09 11:40:23,002][main_train.py][line:72][INFO] Epoch:[160/200]	 Test acc=92.660

[2026-03-09 11:40:41,815][main_train.py][line:69][INFO] Epoch:[161/200]	 loss=141.08306	 acc=84.708
[2026-03-09 11:40:43,051][main_train.py][line:72][INFO] Epoch:[161/200]	 Test acc=92.140

[2026-03-09 11:41:03,761][main_train.py][line:69][INFO] Epoch:[162/200]	 loss=139.46495	 acc=84.674
[2026-03-09 11:41:05,838][main_train.py][line:72][INFO] Epoch:[162/200]	 Test acc=92.470

[2026-03-09 11:41:23,263][main_train.py][line:69][INFO] Epoch:[163/200]	 loss=139.01946	 acc=84.834
[2026-03-09 11:41:24,527][main_train.py][line:72][INFO] Epoch:[163/200]	 Test acc=92.290

[2026-03-09 11:41:45,411][main_train.py][line:69][INFO] Epoch:[164/200]	 loss=136.10391	 acc=85.272
[2026-03-09 11:41:46,702][main_train.py][line:72][INFO] Epoch:[164/200]	 Test acc=93.080

[2026-03-09 11:42:05,524][main_train.py][line:69][INFO] Epoch:[165/200]	 loss=133.13810	 acc=85.430
[2026-03-09 11:42:06,767][main_train.py][line:72][INFO] Epoch:[165/200]	 Test acc=93.070

[2026-03-09 11:42:24,164][main_train.py][line:69][INFO] Epoch:[166/200]	 loss=131.01029	 acc=85.632
[2026-03-09 11:42:25,408][main_train.py][line:72][INFO] Epoch:[166/200]	 Test acc=92.940

[2026-03-09 11:42:42,807][main_train.py][line:69][INFO] Epoch:[167/200]	 loss=132.16473	 acc=85.470
[2026-03-09 11:42:44,048][main_train.py][line:72][INFO] Epoch:[167/200]	 Test acc=93.010

[2026-03-09 11:43:01,455][main_train.py][line:69][INFO] Epoch:[168/200]	 loss=128.02383	 acc=85.728
[2026-03-09 11:43:02,696][main_train.py][line:72][INFO] Epoch:[168/200]	 Test acc=93.260

[2026-03-09 11:43:21,478][main_train.py][line:69][INFO] Epoch:[169/200]	 loss=124.82161	 acc=86.266
[2026-03-09 11:43:22,728][main_train.py][line:72][INFO] Epoch:[169/200]	 Test acc=93.160

[2026-03-09 11:43:40,132][main_train.py][line:69][INFO] Epoch:[170/200]	 loss=123.80137	 acc=86.484
[2026-03-09 11:43:41,369][main_train.py][line:72][INFO] Epoch:[170/200]	 Test acc=93.850

[2026-03-09 11:44:00,218][main_train.py][line:69][INFO] Epoch:[171/200]	 loss=122.54924	 acc=86.544
[2026-03-09 11:44:01,460][main_train.py][line:72][INFO] Epoch:[171/200]	 Test acc=93.710

[2026-03-09 11:44:18,841][main_train.py][line:69][INFO] Epoch:[172/200]	 loss=120.47883	 acc=86.726
[2026-03-09 11:44:20,086][main_train.py][line:72][INFO] Epoch:[172/200]	 Test acc=93.820

[2026-03-09 11:44:37,487][main_train.py][line:69][INFO] Epoch:[173/200]	 loss=118.94149	 acc=86.790
[2026-03-09 11:44:38,720][main_train.py][line:72][INFO] Epoch:[173/200]	 Test acc=94.010

[2026-03-09 11:44:57,538][main_train.py][line:69][INFO] Epoch:[174/200]	 loss=118.07189	 acc=86.970
[2026-03-09 11:44:58,774][main_train.py][line:72][INFO] Epoch:[174/200]	 Test acc=93.920

[2026-03-09 11:45:16,112][main_train.py][line:69][INFO] Epoch:[175/200]	 loss=115.39340	 acc=87.380
[2026-03-09 11:45:17,400][main_train.py][line:72][INFO] Epoch:[175/200]	 Test acc=94.380

[2026-03-09 11:45:36,233][main_train.py][line:69][INFO] Epoch:[176/200]	 loss=115.11506	 acc=87.250
[2026-03-09 11:45:37,474][main_train.py][line:72][INFO] Epoch:[176/200]	 Test acc=94.610

[2026-03-09 11:45:56,276][main_train.py][line:69][INFO] Epoch:[177/200]	 loss=111.94820	 acc=87.580
[2026-03-09 11:45:57,516][main_train.py][line:72][INFO] Epoch:[177/200]	 Test acc=94.480

[2026-03-09 11:46:14,878][main_train.py][line:69][INFO] Epoch:[178/200]	 loss=110.10768	 acc=87.836
[2026-03-09 11:46:16,160][main_train.py][line:72][INFO] Epoch:[178/200]	 Test acc=94.230

[2026-03-09 11:46:33,602][main_train.py][line:69][INFO] Epoch:[179/200]	 loss=110.73195	 acc=87.714
[2026-03-09 11:46:34,873][main_train.py][line:72][INFO] Epoch:[179/200]	 Test acc=94.400

[2026-03-09 11:46:52,331][main_train.py][line:69][INFO] Epoch:[180/200]	 loss=109.25517	 acc=88.004
[2026-03-09 11:46:53,600][main_train.py][line:72][INFO] Epoch:[180/200]	 Test acc=94.390

[2026-03-09 11:47:16,227][main_train.py][line:69][INFO] Epoch:[181/200]	 loss=106.00384	 acc=88.210
[2026-03-09 11:47:17,866][main_train.py][line:72][INFO] Epoch:[181/200]	 Test acc=94.440

[2026-03-09 11:47:41,519][main_train.py][line:69][INFO] Epoch:[182/200]	 loss=103.69838	 acc=88.436
[2026-03-09 11:47:43,186][main_train.py][line:72][INFO] Epoch:[182/200]	 Test acc=94.580

[2026-03-09 11:48:06,775][main_train.py][line:69][INFO] Epoch:[183/200]	 loss=104.51756	 acc=88.514
[2026-03-09 11:48:08,405][main_train.py][line:72][INFO] Epoch:[183/200]	 Test acc=94.680

[2026-03-09 11:48:33,484][main_train.py][line:69][INFO] Epoch:[184/200]	 loss=102.71347	 acc=88.734
[2026-03-09 11:48:35,127][main_train.py][line:72][INFO] Epoch:[184/200]	 Test acc=94.550

[2026-03-09 11:48:55,638][main_train.py][line:69][INFO] Epoch:[185/200]	 loss=100.74005	 acc=88.776
[2026-03-09 11:48:56,877][main_train.py][line:72][INFO] Epoch:[185/200]	 Test acc=94.690

[2026-03-09 11:49:15,729][main_train.py][line:69][INFO] Epoch:[186/200]	 loss=100.26096	 acc=89.000
[2026-03-09 11:49:17,004][main_train.py][line:72][INFO] Epoch:[186/200]	 Test acc=94.720

[2026-03-09 11:49:35,780][main_train.py][line:69][INFO] Epoch:[187/200]	 loss=99.74689	 acc=89.014
[2026-03-09 11:49:37,005][main_train.py][line:72][INFO] Epoch:[187/200]	 Test acc=94.700

[2026-03-09 11:49:54,384][main_train.py][line:69][INFO] Epoch:[188/200]	 loss=98.43336	 acc=89.200
[2026-03-09 11:49:55,628][main_train.py][line:72][INFO] Epoch:[188/200]	 Test acc=94.950

[2026-03-09 11:50:14,442][main_train.py][line:69][INFO] Epoch:[189/200]	 loss=97.17039	 acc=89.220
[2026-03-09 11:50:15,685][main_train.py][line:72][INFO] Epoch:[189/200]	 Test acc=94.950

[2026-03-09 11:50:33,021][main_train.py][line:69][INFO] Epoch:[190/200]	 loss=95.56557	 acc=89.548
[2026-03-09 11:50:34,294][main_train.py][line:72][INFO] Epoch:[190/200]	 Test acc=94.780

[2026-03-09 11:50:55,666][main_train.py][line:69][INFO] Epoch:[191/200]	 loss=95.17635	 acc=89.486
[2026-03-09 11:50:56,950][main_train.py][line:72][INFO] Epoch:[191/200]	 Test acc=94.860

[2026-03-09 11:51:20,536][main_train.py][line:69][INFO] Epoch:[192/200]	 loss=97.22197	 acc=89.046
[2026-03-09 11:51:22,202][main_train.py][line:72][INFO] Epoch:[192/200]	 Test acc=94.950

[2026-03-09 11:51:45,810][main_train.py][line:69][INFO] Epoch:[193/200]	 loss=94.27420	 acc=89.562
[2026-03-09 11:51:47,474][main_train.py][line:72][INFO] Epoch:[193/200]	 Test acc=94.930

[2026-03-09 11:52:11,090][main_train.py][line:69][INFO] Epoch:[194/200]	 loss=92.79599	 acc=89.724
[2026-03-09 11:52:12,736][main_train.py][line:72][INFO] Epoch:[194/200]	 Test acc=94.950

[2026-03-09 11:52:35,489][main_train.py][line:69][INFO] Epoch:[195/200]	 loss=92.69233	 acc=89.870
[2026-03-09 11:52:36,764][main_train.py][line:72][INFO] Epoch:[195/200]	 Test acc=94.950

[2026-03-09 11:52:54,181][main_train.py][line:69][INFO] Epoch:[196/200]	 loss=92.97467	 acc=89.708
[2026-03-09 11:52:55,437][main_train.py][line:72][INFO] Epoch:[196/200]	 Test acc=95.010

[2026-03-09 11:53:14,268][main_train.py][line:69][INFO] Epoch:[197/200]	 loss=93.92740	 acc=89.658
[2026-03-09 11:53:15,510][main_train.py][line:72][INFO] Epoch:[197/200]	 Test acc=95.040

[2026-03-09 11:53:34,325][main_train.py][line:69][INFO] Epoch:[198/200]	 loss=93.61975	 acc=89.632
[2026-03-09 11:53:35,580][main_train.py][line:72][INFO] Epoch:[198/200]	 Test acc=94.980

[2026-03-09 11:53:52,956][main_train.py][line:69][INFO] Epoch:[199/200]	 loss=92.95675	 acc=89.724
[2026-03-09 11:53:54,246][main_train.py][line:72][INFO] Epoch:[199/200]	 Test acc=95.100

[2026-03-09 11:53:55,759][main_train.py][line:78][INFO] Best Test acc=95.100

SNN accuracy: 
-T=1: 44.1
-T=2: 90.72
-T=4: 93.18
-T=8: 94.39
-T=16: 94.85
-T=32: 95.06